<?xml version="1.0" encoding="UTF-8"?>
<testsuite xmlns:xsi="http://www.w3.org/2001/XMLSchema-instance" xsi:noNamespaceSchemaLocation="https://maven.apache.org/surefire/maven-surefire-plugin/xsd/surefire-test-report.xsd" version="3.0.2" name="pt.feup.tvvs.soulknight.PBTests" time="0.654" tests="8" errors="0" skipped="0" failures="0">
  <properties>
[...]
</properties>
  <testcase name="movingUpThenDownReturnsToOriginal" classname="PBTests" time="0.445">
    <system-out><![CDATA[timestamp = 2025-12-04T18:49:59.399504100, PBTests:movingUpThenDownReturnsToOriginal = 
                              |-----------------------jqwik-----------------------
tries = 1000                  | # of calls to property
checks = 1000                 | # of not rejected calls
generation = RANDOMIZED       | parameters are randomly generated
after-failure = SAMPLE_FIRST  | try previously failed sample, then previous seed
when-fixed-seed = ALLOW       | fixing the random seed is allowed
edge-cases#mode = MIXIN       | edge cases are mixed in
edge-cases#total = 81         | # of all combined edge cases
edge-cases#tried = 81         | # of edge cases tried in current run
seed = 5751428328827886958    | random seed to reproduce generated values


]]></system-out>
  </testcase>
  <testcase name="movingDownThenUpReturnsToOriginal" classname="PBTests" time="0.025">
    <system-out><![CDATA[timestamp = 2025-12-04T18:49:59.433591500, PBTests:movingDownThenUpReturnsToOriginal = 
                              |-----------------------jqwik-----------------------
tries = 1000                  | # of calls to property
checks = 1000                 | # of not rejected calls
generation = RANDOMIZED       | parameters are randomly generated
after-failure = SAMPLE_FIRST  | try previously failed sample, then previous seed
when-fixed-seed = ALLOW       | fixing the random seed is allowed
edge-cases#mode = MIXIN       | edge cases are mixed in
edge-cases#total = 81         | # of all combined edge cases
edge-cases#tried = 78         | # of edge cases tried in current run
seed = -2086363509359671367   | random seed to reproduce generated values


]]></system-out>
  </testcase>
  <testcase name="movingDownIncreasesYByOneAndKeepsX" classname="PBTests" time="0.022">
    <system-out><![CDATA[timestamp = 2025-12-04T18:49:59.456290, PBTests:movingDownIncreasesYByOneAndKeepsX = 
                              |-----------------------jqwik-----------------------
tries = 1000                  | # of calls to property
checks = 1000                 | # of not rejected calls
generation = RANDOMIZED       | parameters are randomly generated
after-failure = SAMPLE_FIRST  | try previously failed sample, then previous seed
when-fixed-seed = ALLOW       | fixing the random seed is allowed
edge-cases#mode = MIXIN       | edge cases are mixed in
edge-cases#total = 81         | # of all combined edge cases
edge-cases#tried = 81         | # of edge cases tried in current run
seed = -4002860156765525182   | random seed to reproduce generated values


]]></system-out>
  </testcase>
  <testcase name="movingLeftThenRightReturnsToOriginal" classname="PBTests" time="0.024">
    <system-out><![CDATA[timestamp = 2025-12-04T18:49:59.480376200, PBTests:movingLeftThenRightReturnsToOriginal = 
                              |-----------------------jqwik-----------------------
tries = 1000                  | # of calls to property
checks = 1000                 | # of not rejected calls
generation = RANDOMIZED       | parameters are randomly generated
after-failure = SAMPLE_FIRST  | try previously failed sample, then previous seed
when-fixed-seed = ALLOW       | fixing the random seed is allowed
edge-cases#mode = MIXIN       | edge cases are mixed in
edge-cases#total = 81         | # of all combined edge cases
edge-cases#tried = 77         | # of edge cases tried in current run
seed = -2647183183415843602   | random seed to reproduce generated values


]]></system-out>
  </testcase>
  <testcase name="movingRightThenLeftReturnsToOriginal" classname="PBTests" time="0.021">
    <system-out><![CDATA[timestamp = 2025-12-04T18:49:59.502910400, PBTests:movingRightThenLeftReturnsToOriginal = 
                              |-----------------------jqwik-----------------------
tries = 1000                  | # of calls to property
checks = 1000                 | # of not rejected calls
generation = RANDOMIZED       | parameters are randomly generated
after-failure = SAMPLE_FIRST  | try previously failed sample, then previous seed
when-fixed-seed = ALLOW       | fixing the random seed is allowed
edge-cases#mode = MIXIN       | edge cases are mixed in
edge-cases#total = 81         | # of all combined edge cases
edge-cases#tried = 76         | # of edge cases tried in current run
seed = 470809000601893054     | random seed to reproduce generated values


]]></system-out>
  </testcase>
  <testcase name="movingLeftDecreasesXByOneAndKeepsY" classname="PBTests" time="0.023">
    <system-out><![CDATA[timestamp = 2025-12-04T18:49:59.525484500, PBTests:movingLeftDecreasesXByOneAndKeepsY = 
                              |-----------------------jqwik-----------------------
tries = 1000                  | # of calls to property
checks = 1000                 | # of not rejected calls
generation = RANDOMIZED       | parameters are randomly generated
after-failure = SAMPLE_FIRST  | try previously failed sample, then previous seed
when-fixed-seed = ALLOW       | fixing the random seed is allowed
edge-cases#mode = MIXIN       | edge cases are mixed in
edge-cases#total = 81         | # of all combined edge cases
edge-cases#tried = 76         | # of edge cases tried in current run
seed = -4225691740909879827   | random seed to reproduce generated values


]]></system-out>
  </testcase>
  <testcase name="movingUpDecreasesYByOneAndKeepsX" classname="PBTests" time="0.023">
    <system-out><![CDATA[timestamp = 2025-12-04T18:49:59.549565, PBTests:movingUpDecreasesYByOneAndKeepsX = 
                              |-----------------------jqwik-----------------------
tries = 1000                  | # of calls to property
checks = 1000                 | # of not rejected calls
generation = RANDOMIZED       | parameters are randomly generated
after-failure = SAMPLE_FIRST  | try previously failed sample, then previous seed
when-fixed-seed = ALLOW       | fixing the random seed is allowed
edge-cases#mode = MIXIN       | edge cases are mixed in
edge-cases#total = 81         | # of all combined edge cases
edge-cases#tried = 81         | # of edge cases tried in current run
seed = 1179303699502678941    | random seed to reproduce generated values


]]></system-out>
  </testcase>
  <testcase name="movingRightIncreasesXByOneAndKeepsY" classname="PBTests" time="0.022">
    <system-out><![CDATA[timestamp = 2025-12-04T18:49:59.572427900, PBTests:movingRightIncreasesXByOneAndKeepsY = 
                              |-----------------------jqwik-----------------------
tries = 1000                  | # of calls to property
checks = 1000                 | # of not rejected calls
generation = RANDOMIZED       | parameters are randomly generated
after-failure = SAMPLE_FIRST  | try previously failed sample, then previous seed
when-fixed-seed = ALLOW       | fixing the random seed is allowed
edge-cases#mode = MIXIN       | edge cases are mixed in
edge-cases#total = 81         | # of all combined edge cases
edge-cases#tried = 80         | # of edge cases tried in current run
seed = -4068016095524609828   | random seed to reproduce generated values


]]></system-out>
  </testcase>
</testsuite>